<?xml version="1.0" encoding="UTF-8"?>
<coverage generated="1653166734215" clover="3.2.0">
  <project timestamp="1653166734216" name="All files">
    <metrics statements="32" coveredstatements="27" conditionals="2" coveredconditionals="2" methods="20" coveredmethods="15" elements="54" coveredelements="44" complexity="0" loc="32" ncloc="32" packages="5" files="5" classes="5"/>
    <package name="src">
      <metrics statements="2" coveredstatements="2" conditionals="0" coveredconditionals="0" methods="1" coveredmethods="1"/>
      <file name="app.jsx" path="/Users/corynickerson/repos/fec-two/src/app.jsx">
        <metrics statements="2" coveredstatements="2" conditionals="0" coveredconditionals="0" methods="1" coveredmethods="1"/>
        <line num="8" count="3" type="stmt"/>
        <line num="10" count="3" type="stmt"/>
      </file>
    </package>
    <package name="src.overview">
      <metrics statements="16" coveredstatements="14" conditionals="2" coveredconditionals="2" methods="11" coveredmethods="9"/>
      <file name="overview.jsx" path="/Users/corynickerson/repos/fec-two/src/overview/overview.jsx">
        <metrics statements="16" coveredstatements="14" conditionals="2" coveredconditionals="2" methods="11" coveredmethods="9"/>
        <line num="6" count="1" type="stmt"/>
        <line num="15" count="7" type="stmt"/>
        <line num="16" count="7" type="stmt"/>
        <line num="17" count="7" type="stmt"/>
        <line num="19" count="7" type="stmt"/>
        <line num="20" count="2" type="stmt"/>
        <line num="22" count="2" type="stmt"/>
        <line num="25" count="0" type="stmt"/>
        <line num="29" count="7" type="stmt"/>
        <line num="30" count="3" type="stmt"/>
        <line num="32" count="3" type="stmt"/>
        <line num="35" count="0" type="stmt"/>
        <line num="39" count="7" type="stmt"/>
        <line num="41" count="1" type="stmt"/>
        <line num="49" count="15" type="stmt"/>
        <line num="59" count="40" type="stmt"/>
      </file>
    </package>
    <package name="src.questions">
      <metrics statements="4" coveredstatements="3" conditionals="0" coveredconditionals="0" methods="2" coveredmethods="1"/>
      <file name="questions.jsx" path="/Users/corynickerson/repos/fec-two/src/questions/questions.jsx">
        <metrics statements="4" coveredstatements="3" conditionals="0" coveredconditionals="0" methods="2" coveredmethods="1"/>
        <line num="3" count="1" type="stmt"/>
        <line num="4" count="3" type="stmt"/>
        <line num="6" count="3" type="stmt"/>
        <line num="16" count="0" type="stmt"/>
      </file>
    </package>
    <package name="src.ratings">
      <metrics statements="5" coveredstatements="4" conditionals="0" coveredconditionals="0" methods="3" coveredmethods="2"/>
      <file name="ratings.jsx" path="/Users/corynickerson/repos/fec-two/src/ratings/ratings.jsx">
        <metrics statements="5" coveredstatements="4" conditionals="0" coveredconditionals="0" methods="3" coveredmethods="2"/>
        <line num="4" count="3" type="stmt"/>
        <line num="5" count="3" type="stmt"/>
        <line num="6" count="3" type="stmt"/>
        <line num="9" count="3" type="stmt"/>
        <line num="16" count="0" type="stmt"/>
      </file>
    </package>
    <package name="src.related">
      <metrics statements="5" coveredstatements="4" conditionals="0" coveredconditionals="0" methods="3" coveredmethods="2"/>
      <file name="related.jsx" path="/Users/corynickerson/repos/fec-two/src/related/related.jsx">
        <metrics statements="5" coveredstatements="4" conditionals="0" coveredconditionals="0" methods="3" coveredmethods="2"/>
        <line num="4" count="3" type="stmt"/>
        <line num="5" count="3" type="stmt"/>
        <line num="6" count="3" type="stmt"/>
        <line num="8" count="3" type="stmt"/>
        <line num="17" count="0" type="stmt"/>
      </file>
    </package>
  </project>
</coverage>
