{"/Users/weitecklee/HackReactor/fec-two/src/overview/overview.jsx": {"path":"/Users/weitecklee/HackReactor/fec-two/src/overview/overview.jsx","statementMap":{"0":{"start":{"line":4,"column":28},"end":{"line":4,"column":39}},"1":{"start":{"line":5,"column":2},"end":{"line":15,"column":4}},"2":{"start":{"line":7,"column":45},"end":{"line":7,"column":65}}},"fnMap":{"0":{"name":"Overview","decl":{"start":{"line":3,"column":9},"end":{"line":3,"column":17}},"loc":{"start":{"line":3,"column":20},"end":{"line":16,"column":1}},"line":3},"1":{"name":"(anonymous_1)","decl":{"start":{"line":7,"column":37},"end":{"line":7,"column":38}},"loc":{"start":{"line":7,"column":43},"end":{"line":7,"column":67}},"line":7}},"branchMap":{},"s":{"0":2,"1":2,"2":1},"f":{"0":2,"1":1},"b":{},"_coverageSchema":"1a1c01bbd47fc00a2c39e90264f33305004495a9","hash":"b1870d518f7714b0abb076031f04fa80e4ae870b"}
}
