{"/Users/corynickerson/repos/fec-two/src/app.jsx": {"path":"/Users/corynickerson/repos/fec-two/src/app.jsx","statementMap":{"0":{"start":{"line":8,"column":38},"end":{"line":8,"column":53}},"1":{"start":{"line":10,"column":2},"end":{"line":18,"column":4}}},"fnMap":{"0":{"name":"App","decl":{"start":{"line":7,"column":9},"end":{"line":7,"column":12}},"loc":{"start":{"line":7,"column":15},"end":{"line":19,"column":1}},"line":7}},"branchMap":{},"s":{"0":3,"1":3},"f":{"0":3},"b":{},"_coverageSchema":"1a1c01bbd47fc00a2c39e90264f33305004495a9","hash":"c619c337467ef4da0c6074f6889492883342ae43"}
,"/Users/corynickerson/repos/fec-two/src/overview/overview.jsx": {"path":"/Users/corynickerson/repos/fec-two/src/overview/overview.jsx","statementMap":{"0":{"start":{"line":6,"column":16},"end":{"line":12,"column":1}},"1":{"start":{"line":15,"column":28},"end":{"line":15,"column":39}},"2":{"start":{"line":16,"column":26},"end":{"line":16,"column":38}},"3":{"start":{"line":17,"column":32},"end":{"line":17,"column":44}},"4":{"start":{"line":19,"column":2},"end":{"line":27,"column":9}},"5":{"start":{"line":20,"column":4},"end":{"line":26,"column":9}},"6":{"start":{"line":22,"column":8},"end":{"line":22,"column":31}},"7":{"start":{"line":25,"column":8},"end":{"line":25,"column":53}},"8":{"start":{"line":29,"column":2},"end":{"line":37,"column":25}},"9":{"start":{"line":30,"column":4},"end":{"line":36,"column":9}},"10":{"start":{"line":32,"column":8},"end":{"line":32,"column":34}},"11":{"start":{"line":35,"column":8},"end":{"line":35,"column":53}},"12":{"start":{"line":39,"column":2},"end":{"line":66,"column":4}},"13":{"start":{"line":41,"column":45},"end":{"line":41,"column":65}},"14":{"start":{"line":49,"column":8},"end":{"line":56,"column":18}},"15":{"start":{"line":49,"column":45},"end":{"line":49,"column":71}},"16":{"start":{"line":59,"column":8},"end":{"line":63,"column":12}}},"fnMap":{"0":{"name":"Overview","decl":{"start":{"line":14,"column":9},"end":{"line":14,"column":17}},"loc":{"start":{"line":14,"column":25},"end":{"line":67,"column":1}},"line":14},"1":{"name":"(anonymous_1)","decl":{"start":{"line":19,"column":12},"end":{"line":19,"column":13}},"loc":{"start":{"line":19,"column":18},"end":{"line":27,"column":3}},"line":19},"2":{"name":"(anonymous_2)","decl":{"start":{"line":21,"column":12},"end":{"line":21,"column":13}},"loc":{"start":{"line":21,"column":26},"end":{"line":23,"column":7}},"line":21},"3":{"name":"(anonymous_3)","decl":{"start":{"line":24,"column":13},"end":{"line":24,"column":14}},"loc":{"start":{"line":24,"column":22},"end":{"line":26,"column":7}},"line":24},"4":{"name":"(anonymous_4)","decl":{"start":{"line":29,"column":12},"end":{"line":29,"column":13}},"loc":{"start":{"line":29,"column":18},"end":{"line":37,"column":3}},"line":29},"5":{"name":"(anonymous_5)","decl":{"start":{"line":31,"column":12},"end":{"line":31,"column":13}},"loc":{"start":{"line":31,"column":26},"end":{"line":33,"column":7}},"line":31},"6":{"name":"(anonymous_6)","decl":{"start":{"line":34,"column":13},"end":{"line":34,"column":14}},"loc":{"start":{"line":34,"column":22},"end":{"line":36,"column":7}},"line":34},"7":{"name":"(anonymous_7)","decl":{"start":{"line":41,"column":37},"end":{"line":41,"column":38}},"loc":{"start":{"line":41,"column":43},"end":{"line":41,"column":67}},"line":41},"8":{"name":"(anonymous_8)","decl":{"start":{"line":48,"column":30},"end":{"line":48,"column":31}},"loc":{"start":{"line":49,"column":8},"end":{"line":56,"column":18}},"line":49},"9":{"name":"(anonymous_9)","decl":{"start":{"line":49,"column":37},"end":{"line":49,"column":38}},"loc":{"start":{"line":49,"column":43},"end":{"line":49,"column":73}},"line":49},"10":{"name":"(anonymous_10)","decl":{"start":{"line":58,"column":32},"end":{"line":58,"column":33}},"loc":{"start":{"line":59,"column":8},"end":{"line":63,"column":12}},"line":59}},"branchMap":{"0":{"loc":{"start":{"line":48,"column":7},"end":{"line":57,"column":42}},"type":"cond-expr","locations":[{"start":{"line":48,"column":21},"end":{"line":57,"column":8}},{"start":{"line":57,"column":11},"end":{"line":57,"column":42}}],"line":48}},"s":{"0":1,"1":7,"2":7,"3":7,"4":7,"5":2,"6":2,"7":0,"8":7,"9":3,"10":3,"11":0,"12":7,"13":1,"14":15,"15":1,"16":40},"f":{"0":7,"1":2,"2":2,"3":0,"4":3,"5":3,"6":0,"7":1,"8":15,"9":1,"10":40},"b":{"0":[3,4]},"_coverageSchema":"1a1c01bbd47fc00a2c39e90264f33305004495a9","hash":"c6ab8c458ffb54b76fd45fa0ae8069effb286888"}
,"/Users/corynickerson/repos/fec-two/src/questions/questions.jsx": {"path":"/Users/corynickerson/repos/fec-two/src/questions/questions.jsx","statementMap":{"0":{"start":{"line":3,"column":18},"end":{"line":21,"column":1}},"1":{"start":{"line":4,"column":28},"end":{"line":4,"column":39}},"2":{"start":{"line":6,"column":2},"end":{"line":20,"column":4}},"3":{"start":{"line":16,"column":43},"end":{"line":16,"column":62}}},"fnMap":{"0":{"name":"Questions","decl":{"start":{"line":3,"column":27},"end":{"line":3,"column":36}},"loc":{"start":{"line":3,"column":44},"end":{"line":21,"column":1}},"line":3},"1":{"name":"(anonymous_1)","decl":{"start":{"line":16,"column":37},"end":{"line":16,"column":38}},"loc":{"start":{"line":16,"column":43},"end":{"line":16,"column":62}},"line":16}},"branchMap":{},"s":{"0":1,"1":3,"2":3,"3":0},"f":{"0":3,"1":0},"b":{},"_coverageSchema":"1a1c01bbd47fc00a2c39e90264f33305004495a9","hash":"2236e9553494061ce5dcdb4214fa1923646a34f6"}
,"/Users/corynickerson/repos/fec-two/src/ratings/ratings.jsx": {"path":"/Users/corynickerson/repos/fec-two/src/ratings/ratings.jsx","statementMap":{"0":{"start":{"line":4,"column":28},"end":{"line":4,"column":39}},"1":{"start":{"line":5,"column":2},"end":{"line":7,"column":5}},"2":{"start":{"line":6,"column":4},"end":{"line":6,"column":28}},"3":{"start":{"line":9,"column":2},"end":{"line":20,"column":4}},"4":{"start":{"line":16,"column":43},"end":{"line":16,"column":62}}},"fnMap":{"0":{"name":"Ratings","decl":{"start":{"line":3,"column":9},"end":{"line":3,"column":16}},"loc":{"start":{"line":3,"column":24},"end":{"line":21,"column":1}},"line":3},"1":{"name":"(anonymous_1)","decl":{"start":{"line":5,"column":12},"end":{"line":5,"column":13}},"loc":{"start":{"line":5,"column":18},"end":{"line":7,"column":3}},"line":5},"2":{"name":"(anonymous_2)","decl":{"start":{"line":16,"column":37},"end":{"line":16,"column":38}},"loc":{"start":{"line":16,"column":43},"end":{"line":16,"column":62}},"line":16}},"branchMap":{},"s":{"0":3,"1":3,"2":3,"3":3,"4":0},"f":{"0":3,"1":3,"2":0},"b":{},"_coverageSchema":"1a1c01bbd47fc00a2c39e90264f33305004495a9","hash":"d964fee6fe2cab2f010f13cd3726ed163f1b5471"}
,"/Users/corynickerson/repos/fec-two/src/related/related.jsx": {"path":"/Users/corynickerson/repos/fec-two/src/related/related.jsx","statementMap":{"0":{"start":{"line":4,"column":28},"end":{"line":4,"column":39}},"1":{"start":{"line":5,"column":2},"end":{"line":7,"column":5}},"2":{"start":{"line":6,"column":4},"end":{"line":6,"column":58}},"3":{"start":{"line":8,"column":2},"end":{"line":21,"column":4}},"4":{"start":{"line":17,"column":43},"end":{"line":17,"column":62}}},"fnMap":{"0":{"name":"Related","decl":{"start":{"line":3,"column":9},"end":{"line":3,"column":16}},"loc":{"start":{"line":3,"column":24},"end":{"line":22,"column":1}},"line":3},"1":{"name":"(anonymous_1)","decl":{"start":{"line":5,"column":12},"end":{"line":5,"column":13}},"loc":{"start":{"line":5,"column":18},"end":{"line":7,"column":3}},"line":5},"2":{"name":"(anonymous_2)","decl":{"start":{"line":17,"column":37},"end":{"line":17,"column":38}},"loc":{"start":{"line":17,"column":43},"end":{"line":17,"column":62}},"line":17}},"branchMap":{},"s":{"0":3,"1":3,"2":3,"3":3,"4":0},"f":{"0":3,"1":3,"2":0},"b":{},"_coverageSchema":"1a1c01bbd47fc00a2c39e90264f33305004495a9","hash":"d74c21fbfb360f14edef506f1b9b858b2c09e4a8"}
}
