TN:
SF:src/app.jsx
FN:7,App
FNF:1
FNH:1
FNDA:3,App
DA:8,3
DA:10,3
LF:2
LH:2
BRF:0
BRH:0
end_of_record
TN:
SF:src/overview/overview.jsx
FN:14,Overview
FN:19,(anonymous_1)
FN:21,(anonymous_2)
FN:24,(anonymous_3)
FN:29,(anonymous_4)
FN:31,(anonymous_5)
FN:34,(anonymous_6)
FN:41,(anonymous_7)
FN:48,(anonymous_8)
FN:49,(anonymous_9)
FN:58,(anonymous_10)
FNF:11
FNH:9
FNDA:7,Overview
FNDA:2,(anonymous_1)
FNDA:2,(anonymous_2)
FNDA:0,(anonymous_3)
FNDA:3,(anonymous_4)
FNDA:3,(anonymous_5)
FNDA:0,(anonymous_6)
FNDA:1,(anonymous_7)
FNDA:15,(anonymous_8)
FNDA:1,(anonymous_9)
FNDA:40,(anonymous_10)
DA:6,1
DA:15,7
DA:16,7
DA:17,7
DA:19,7
DA:20,2
DA:22,2
DA:25,0
DA:29,7
DA:30,3
DA:32,3
DA:35,0
DA:39,7
DA:41,1
DA:49,15
DA:59,40
LF:16
LH:14
BRDA:48,0,0,3
BRDA:48,0,1,4
BRF:2
BRH:2
end_of_record
TN:
SF:src/questions/questions.jsx
FN:3,Questions
FN:16,(anonymous_1)
FNF:2
FNH:1
FNDA:3,Questions
FNDA:0,(anonymous_1)
DA:3,1
DA:4,3
DA:6,3
DA:16,0
LF:4
LH:3
BRF:0
BRH:0
end_of_record
TN:
SF:src/ratings/ratings.jsx
FN:3,Ratings
FN:5,(anonymous_1)
FN:16,(anonymous_2)
FNF:3
FNH:2
FNDA:3,Ratings
FNDA:3,(anonymous_1)
FNDA:0,(anonymous_2)
DA:4,3
DA:5,3
DA:6,3
DA:9,3
DA:16,0
LF:5
LH:4
BRF:0
BRH:0
end_of_record
TN:
SF:src/related/related.jsx
FN:3,Related
FN:5,(anonymous_1)
FN:17,(anonymous_2)
FNF:3
FNH:2
FNDA:3,Related
FNDA:3,(anonymous_1)
FNDA:0,(anonymous_2)
DA:4,3
DA:5,3
DA:6,3
DA:8,3
DA:17,0
LF:5
LH:4
BRF:0
BRH:0
end_of_record
